2018-05-22 22:57:11,757 INFO  [Log] DOCNU Application Opened 
2018-05-22 22:57:23,192 INFO  [Log] Login function suessful 
2018-05-22 22:57:35,763 INFO  [Log] Click submenu functions 
2018-05-22 22:57:35,948 INFO  [Log] fetch data from excel 
2018-05-22 22:59:05,977 INFO  [Log] Search Patient function sucessful 
2018-05-23 18:54:46,183 INFO  [Log] DOCNU Application Opened 
2018-05-23 18:54:56,732 INFO  [Log] Login function suessful 
2018-05-23 18:55:09,122 INFO  [Log] Click submenu functions 
2018-05-23 18:55:09,161 INFO  [Log] fetch data from excel 
2018-05-23 19:00:37,627 INFO  [Log] DOCNU Application Opened 
2018-05-23 19:10:25,241 INFO  [Log] DOCNU Application Opened 
2018-05-23 19:10:35,789 INFO  [Log] Login function suessful 
2018-05-23 19:10:48,230 INFO  [Log] Click submenu functions 
2018-05-23 19:10:48,334 INFO  [Log] fetch data from excel 
2018-05-23 19:12:11,718 INFO  [Log] Search Patient function sucessful 
2018-05-23 19:17:47,330 INFO  [Log] DOCNU Application Opened 
2018-05-23 19:17:57,869 INFO  [Log] Login function suessful 
2018-05-23 19:18:10,232 INFO  [Log] Click submenu functions 
2018-05-23 19:18:10,370 INFO  [Log] fetch data from excel 
2018-05-23 19:19:33,611 INFO  [Log] Search Patient function sucessful 
2018-06-05 22:30:45,597 INFO  [Log] DOCNU Application Opened 
2018-06-05 22:30:56,204 INFO  [Log] Login function suessful 
2018-06-05 22:31:08,598 INFO  [Log] Click submenu functions 
2018-06-05 22:31:08,643 INFO  [Log] fetch data from excel 
2018-06-05 22:32:36,680 INFO  [Log] Search Patient function sucessful 
